<?xml version="1.0" encoding="UTF-8"?>
<!-- Generated by org.testng.reporters.JUnitReportReporter -->
<testsuite hostname="MUM-LAP-700276" failures="0" tests="1" name="testRunner.TestNGTestRunner" time="52.341" errors="0" timestamp="2021-04-14T22:37:36 IST" skipped="0">
  <testcase classname="testRunner.TestNGTestRunner" name="runScenario" time="52.341"/>
  <system-out/>
</testsuite> <!-- testRunner.TestNGTestRunner -->
